<?xml version="1.0" encoding="UTF-8" ?>
<testsuite tests="19" failures="0" name="cucumberOptions.TestRunner" time="0.003" errors="0" skipped="0">
  <properties>
[...]
</properties>
  <testcase classname="| Aspenwoods | English | 1105 Duckwood trail |" name="Given Add Place Payload with &quot;Aspenwoods&quot; &quot;English&quot; &quot;1105 Duckwood trail&quot;" time="0.002"/>
  <testcase classname="| Aspenwoods | English | 1105 Duckwood trail |" name="When user calls &quot;addPlaceAPI&quot; with &quot;post&quot; http request" time="0"/>
  <testcase classname="| Aspenwoods | English | 1105 Duckwood trail |" name="Then the API call got success with status code 200" time="0"/>
  <testcase classname="| Aspenwoods | English | 1105 Duckwood trail |" name="And &quot;status&quot; in response body is &quot;OK&quot;" time="0"/>
  <testcase classname="| Aspenwoods | English | 1105 Duckwood trail |" name="And &quot;scope&quot; in response body is &quot;APP&quot;" time="0"/>
  <testcase classname="| Aspenwoods | English | 1105 Duckwood trail |" name="And verify place_id created maps to &quot;Aspenwoods&quot; using &quot;getPlaceAPI&quot;" time="0"/>
  <testcase classname="| Aspenwoods | English | 1105 Duckwood trail |" name="| Aspenwoods | English | 1105 Duckwood trail |" time="0"/>
  <testcase classname="| StreetSmart | English | 2520 Pilot Knob Rd |" name="Given Add Place Payload with &quot;StreetSmart&quot; &quot;English&quot; &quot;2520 Pilot Knob Rd&quot;" time="0"/>
  <testcase classname="| StreetSmart | English | 2520 Pilot Knob Rd |" name="When user calls &quot;addPlaceAPI&quot; with &quot;post&quot; http request" time="0"/>
  <testcase classname="| StreetSmart | English | 2520 Pilot Knob Rd |" name="Then the API call got success with status code 200" time="0"/>
  <testcase classname="| StreetSmart | English | 2520 Pilot Knob Rd |" name="And &quot;status&quot; in response body is &quot;OK&quot;" time="0"/>
  <testcase classname="| StreetSmart | English | 2520 Pilot Knob Rd |" name="And &quot;scope&quot; in response body is &quot;APP&quot;" time="0"/>
  <testcase classname="| StreetSmart | English | 2520 Pilot Knob Rd |" name="And verify place_id created maps to &quot;StreetSmart&quot; using &quot;getPlaceAPI&quot;" time="0"/>
  <testcase classname="| StreetSmart | English | 2520 Pilot Knob Rd |" name="| StreetSmart | English | 2520 Pilot Knob Rd |" time="0"/>
  <testcase classname="Scenario: Verify if Delete place functionality is working" name="Given DeletePlace Payload" time="0"/>
  <testcase classname="Scenario: Verify if Delete place functionality is working" name="When user calls &quot;deletePlaceAPI&quot; with &quot;post&quot; http request" time="0"/>
  <testcase classname="Scenario: Verify if Delete place functionality is working" name="Then the API call got success with status code 200" time="0.001"/>
  <testcase classname="Scenario: Verify if Delete place functionality is working" name="And &quot;status&quot; in response body is &quot;OK&quot;" time="0"/>
  <testcase classname="Scenario: Verify if Delete place functionality is working" name="Scenario: Verify if Delete place functionality is working" time="0"/>
</testsuite>